This file contains any messages produced by compilers while
running configure, to aid debugging if configure makes a mistake.

configure:534: checking for gcc
configure:647: checking whether the C compiler (gcc  ) works
configure:663: gcc -o conftest    conftest.c  1>&5
configure:689: checking whether the C compiler (gcc  ) is a cross-compiler
configure:694: checking whether we are using GNU C
configure:722: checking whether gcc accepts -g
configure:757: checking for ../qxltool.c
configure:781: checking for printf in -lm
configure:830: checking for readline
configure:903: checking how to run the C preprocessor
configure:983: checking for ANSI C header files
configure:1090: checking for fcntl.h
configure:1090: checking for limits.h
configure:1090: checking for sys/time.h
configure:1090: checking for unistd.h
configure:1090: checking for readline/readline.h
configure:1090: checking for readline/history.h
configure:1128: checking for inline
configure:1168: checking for size_t
configure:1201: checking whether struct tm is in sys/time.h or time.h
configure:1235: checking for mingw32 environment
configure:1264: checking for Cygwin environment
configure:1297: checking whether byte ordering is bigendian
configure:1389: checking for executable suffix
configure:1421: checking for u_char
configure:1454: checking for u_short
configure:1487: checking for u_long
configure:1523: checking for working alloca.h
configure:1556: checking for alloca
configure:1755: checking for working fnmatch
configure:1793: checking for 8-bit clean memcmp
configure:1829: checking return type of signal handlers
configure:1870: checking for strftime
configure:1968: checking for strdup
configure:1968: checking for strspn
configure:1968: checking for strtoul
configure:1968: checking for stpcpy
configure:1968: checking for getopt
configure:1968: checking for ftruncate
